<?xml version="1.0" encoding="UTF-8"?>
<!-- Generated by org.testng.reporters.JUnitXMLReporter -->
<testsuite ignored="0" hostname="DESKTOP-7S4JQ9S" failures="1" tests="1" name="Test" time="7.267" errors="0" timestamp="2026-01-12T14:27:00 IST">
  <testcase classname="testng_demo.Login_with_data_provider_with_excel" name="Enter_login_credentials" time="0.0">
    <failure type="org.testng.TestNGException" message="
Method public void testng_demo.Login_with_data_provider_with_excel.Enter_login_credentials(java.lang.String,java.lang.String) throws java.lang.InterruptedException requires a @DataProvider named : excelData in class testng_demo.ExcelReader">
      <![CDATA[org.testng.TestNGException: 
Method public void testng_demo.Login_with_data_provider_with_excel.Enter_login_credentials(java.lang.String,java.lang.String) throws java.lang.InterruptedException requires a @DataProvider named : excelData in class testng_demo.ExcelReader
at java.base/java.util.ArrayList.forEach(ArrayList.java:1597)
... Removed 24 stack frames]]>
    </failure>
  </testcase> <!-- Enter_login_credentials -->
</testsuite> <!-- Test -->
