<?xml version="1.0" encoding="UTF-8"?>
<testng-results ignored="0" total="1" passed="0" failed="1" skipped="0">
  <reporter-output>
  </reporter-output>
  <suite started-at="2026-01-12T14:26:53 IST" name="Suite" finished-at="2026-01-12T14:27:00 IST" duration-ms="7267">
    <groups>
    </groups>
    <test started-at="2026-01-12T14:26:53 IST" name="Test" finished-at="2026-01-12T14:27:00 IST" duration-ms="7267">
      <class name="testng_demo.Login_with_data_provider_with_excel">
        <test-method is-config="true" signature="browser_setup(java.lang.String)[pri:0, instance:testng_demo.Login_with_data_provider_with_excel@757277dc]" started-at="2026-01-12T14:26:53 IST" name="browser_setup" finished-at="2026-01-12T14:27:00 IST" duration-ms="7221" status="PASS">
          <params>
            <param index="0">
              <value>
                <![CDATA[https://opensource-demo.orangehrmlive.com/web/index.php/auth/login]]>
              </value>
            </param>
          </params>
          <reporter-output>
          </reporter-output>
        </test-method> <!-- browser_setup -->
        <test-method signature="Enter_login_credentials(java.lang.String,java.lang.String)[pri:1, instance:testng_demo.Login_with_data_provider_with_excel@757277dc]" started-at="2026-01-12T14:27:00 IST" name="Enter_login_credentials" finished-at="2026-01-12T14:27:00 IST" duration-ms="0" status="FAIL">
          <exception class="org.testng.TestNGException">
            <message>
              <![CDATA[
Method public void testng_demo.Login_with_data_provider_with_excel.Enter_login_credentials(java.lang.String,java.lang.String) throws java.lang.InterruptedException requires a @DataProvider named : excelData in class testng_demo.ExcelReader]]>
            </message>
            <full-stacktrace>
              <![CDATA[org.testng.TestNGException: 
Method public void testng_demo.Login_with_data_provider_with_excel.Enter_login_credentials(java.lang.String,java.lang.String) throws java.lang.InterruptedException requires a @DataProvider named : excelData in class testng_demo.ExcelReader
at org.testng.internal.Parameters.findDataProvider(Parameters.java:532)
at org.testng.internal.Parameters.handleParameters(Parameters.java:769)
at org.testng.internal.Parameters.handleParameters(Parameters.java:734)
at org.testng.internal.invokers.ParameterHandler.handleParameters(ParameterHandler.java:72)
at org.testng.internal.invokers.ParameterHandler.createParameters(ParameterHandler.java:51)
at org.testng.internal.invokers.TestInvoker$MethodInvocationAgent.invoke(TestInvoker.java:949)
at org.testng.internal.invokers.TestInvoker.invokeTestMethods(TestInvoker.java:203)
at org.testng.internal.invokers.TestMethodWorker.invokeTestMethods(TestMethodWorker.java:154)
at org.testng.internal.invokers.TestMethodWorker.run(TestMethodWorker.java:134)
at java.base/java.util.ArrayList.forEach(ArrayList.java:1597)
at org.testng.TestRunner.privateRun(TestRunner.java:741)
at org.testng.TestRunner.run(TestRunner.java:616)
at org.testng.SuiteRunner.runTest(SuiteRunner.java:421)
at org.testng.SuiteRunner.runSequentially(SuiteRunner.java:413)
at org.testng.SuiteRunner.privateRun(SuiteRunner.java:373)
at org.testng.SuiteRunner.run(SuiteRunner.java:312)
at org.testng.SuiteRunnerWorker.runSuite(SuiteRunnerWorker.java:52)
at org.testng.SuiteRunnerWorker.run(SuiteRunnerWorker.java:95)
at org.testng.TestNG.runSuitesSequentially(TestNG.java:1274)
at org.testng.TestNG.runSuitesLocally(TestNG.java:1208)
at org.testng.TestNG.runSuites(TestNG.java:1112)
at org.testng.TestNG.run(TestNG.java:1079)
at org.testng.remote.AbstractRemoteTestNG.run(AbstractRemoteTestNG.java:115)
at org.testng.remote.RemoteTestNG.initAndRun(RemoteTestNG.java:293)
at org.testng.remote.RemoteTestNG.main(RemoteTestNG.java:91)
]]>
            </full-stacktrace>
          </exception> <!-- org.testng.TestNGException -->
          <reporter-output>
          </reporter-output>
        </test-method> <!-- Enter_login_credentials -->
      </class> <!-- testng_demo.Login_with_data_provider_with_excel -->
    </test> <!-- Test -->
  </suite> <!-- Suite -->
</testng-results>
