<?xml version="1.0" encoding="UTF-8"?>
<!-- Generated by org.testng.reporters.JUnitReportReporter -->
<testsuite hostname="DESKTOP-7S4JQ9S" failures="0" tests="8" name="testng_demo.Login_Class" time="23.547" errors="0" timestamp="2025-12-25T14:23:31 IST" skipped="0">
  <testcase classname="testng_demo.Login_Class" name="setup" time="5.766"/>
  <testcase classname="testng_demo.Login_Class" name="setup" time="5.693"/>
  <testcase classname="testng_demo.Login_Class" name="Enter_Credentials" time="0.892"/>
  <testcase classname="testng_demo.Login_Class" name="Enter_Credentials" time="0.835"/>
  <testcase classname="testng_demo.Login_Class" name="Click_on_button" time="0.071"/>
  <testcase classname="testng_demo.Login_Class" name="Click_on_button" time="0.080"/>
  <testcase classname="testng_demo.Login_Class" name="Browser_Close" time="5.094"/>
  <testcase classname="testng_demo.Login_Class" name="Browser_Close" time="5.116"/>
</testsuite> <!-- testng_demo.Login_Class -->
